#
# There is insufficient memory for the Java Runtime Environment to continue.
# Native memory allocation (malloc) failed to allocate 429936 bytes for Chunk::new
# Possible reasons:
#   The system is out of physical RAM or swap space
#   In 32 bit mode, the process size limit was hit
# Possible solutions:
#   Reduce memory load on the system
#   Increase physical memory or swap space
#   Check if swap backing store is full
#   Use 64 bit Java on a 64 bit OS
#   Decrease Java heap size (-Xmx/-Xms)
#   Decrease number of Java threads
#   Decrease Java thread stack sizes (-Xss)
#   Set larger code cache with -XX:ReservedCodeCacheSize=
# This output file may be truncated or incomplete.
#
#  Out of Memory Error (allocation.cpp:390), pid=5000, tid=0x00000000000014ec
#
# JRE version: Java(TM) SE Runtime Environment (8.0_141-b15) (build 1.8.0_141-b15)
# Java VM: Java HotSpot(TM) 64-Bit Server VM (25.141-b15 mixed mode windows-amd64 compressed oops)
# Failed to write core dump. Minidumps are not enabled by default on client versions of Windows
#

---------------  T H R E A D  ---------------

Current thread (0x00000000149d3000):  JavaThread "C2 CompilerThread1" daemon [_thread_in_native, id=5356, stack(0x00000000160d0000,0x00000000161d0000)]

Stack: [0x00000000160d0000,0x00000000161d0000]
[error occurred during error reporting (printing stack bounds), id 0xc0000005]

Native frames: (J=compiled Java code, j=interpreted, Vv=VM code, C=native code)


Current CompileTask:
C2: 787373 2852   !   4       sun.awt.PostEventQueue::flush (168 bytes)


---------------  P R O C E S S  ---------------

Java Threads: ( => current thread )
  0x0000000019198800 JavaThread "Thread-5" daemon [_thread_in_native, id=7536, stack(0x000000001b1b0000,0x000000001b2b0000)]
  0x0000000019195800 JavaThread "DestroyJavaVM" [_thread_blocked, id=5060, stack(0x0000000002100000,0x0000000002200000)]
  0x0000000019242800 JavaThread "Thread-3" [_thread_blocked, id=7528, stack(0x000000001a750000,0x000000001a850000)]
  0x00000000183be000 JavaThread "TimerQueue" daemon [_thread_blocked, id=5660, stack(0x000000001a650000,0x000000001a750000)]
  0x0000000018405800 JavaThread "AWT-EventQueue-0" [_thread_blocked, id=7812, stack(0x000000001a250000,0x000000001a350000)]
  0x0000000018405000 JavaThread "AWT-Shutdown" [_thread_blocked, id=6788, stack(0x000000001a150000,0x000000001a250000)]
  0x0000000017d8e800 JavaThread "MemoryTimer-Database.accdb" daemon [_thread_blocked, id=5440, stack(0x0000000018980000,0x0000000018a80000)]
  0x00000000166c3000 JavaThread "AWT-Windows" daemon [_thread_in_native, id=3084, stack(0x0000000016bb0000,0x0000000016cb0000)]
  0x00000000166be800 JavaThread "Java2D Disposer" daemon [_thread_blocked, id=7384, stack(0x00000000169b0000,0x0000000016ab0000)]
  0x00000000149ed000 JavaThread "Service Thread" daemon [_thread_blocked, id=6300, stack(0x00000000166d0000,0x00000000167d0000)]
  0x00000000149e7800 JavaThread "C1 CompilerThread2" daemon [_thread_blocked, id=5936, stack(0x00000000161d0000,0x00000000162d0000)]
=>0x00000000149d3000 JavaThread "C2 CompilerThread1" daemon [_thread_in_native, id=5356, stack(0x00000000160d0000,0x00000000161d0000)]
  0x000000001498d800 JavaThread "C2 CompilerThread0" daemon [_thread_blocked, id=4352, stack(0x0000000015fd0000,0x00000000160d0000)]
  0x000000001498c800 JavaThread "Attach Listener" daemon [_thread_blocked, id=3048, stack(0x0000000015ed0000,0x0000000015fd0000)]
  0x000000001498b000 JavaThread "Signal Dispatcher" daemon [_thread_blocked, id=5544, stack(0x0000000015dd0000,0x0000000015ed0000)]
  0x000000000237b000 JavaThread "Finalizer" daemon [_thread_blocked, id=7768, stack(0x0000000015bf0000,0x0000000015cf0000)]
  0x0000000002370000 JavaThread "Reference Handler" daemon [_thread_blocked, id=4660, stack(0x0000000015af0000,0x0000000015bf0000)]

Other Threads:
  0x0000000014957000 VMThread [stack: 0x00000000159f0000,0x0000000015af0000] [id=7712]
  0x0000000016313000 WatcherThread [stack: 0x00000000167d0000,0x00000000168d0000] [id=6452]

VM state:not at safepoint (normal execution)

VM Mutex/Monitor currently owned by a thread: None

Heap:
 PSYoungGen      total 35328K, used 17553K [0x00000000eb180000, 0x00000000ed680000, 0x0000000100000000)
  eden space 32768K, 53% used [0x00000000eb180000,0x00000000ec2a4568,0x00000000ed180000)
  from space 2560K, 0% used [0x00000000ed400000,0x00000000ed400000,0x00000000ed680000)
  to   space 2560K, 0% used [0x00000000ed180000,0x00000000ed180000,0x00000000ed400000)
 ParOldGen       total 45568K, used 12176K [0x00000000c1400000, 0x00000000c4080000, 0x00000000eb180000)
  object space 45568K, 26% used [0x00000000c1400000,0x00000000c1fe4078,0x00000000c4080000)
 Metaspace       used 22740K, capacity 23002K, committed 23296K, reserved 1069056K
  class space    used 2655K, capacity 2751K, committed 2816K, reserved 1048576K

Card table byte_map: [0x0000000011740000,0x0000000011940000] byte_map_base: 0x0000000011136000

Marking Bits: (ParMarkBitMap*) 0x0000000056ecd850
 Begin Bits: [0x0000000011e90000, 0x0000000012e40000)
 End Bits:   [0x0000000012e40000, 0x0000000013df0000)

Polling page: 0x0000000000430000

CodeCache: size=245760Kb used=8105Kb max_used=8112Kb free=237654Kb
 bounds [0x0000000002380000, 0x0000000002b80000, 0x0000000011380000]
 total_blobs=3255 nmethods=2622 adapters=544
 compilation: enabled

Compilation events (10 events):
Event: 742.846 Thread 0x00000000149d3000 nmethod 2847 0x0000000002b69110 code [0x0000000002b69240, 0x0000000002b692f8]
Event: 766.953 Thread 0x00000000149d3000 2848       4       java.util.HashMap$HashIterator::hasNext (13 bytes)
Event: 766.955 Thread 0x00000000149d3000 nmethod 2848 0x00000000028829d0 code [0x0000000002882b00, 0x0000000002882b78]
Event: 773.963 Thread 0x000000001498d800 2849       4       java.awt.Container::invalidate (29 bytes)
Event: 773.974 Thread 0x000000001498d800 nmethod 2849 0x0000000002b71050 code [0x0000000002b711c0, 0x0000000002b71638]
Event: 775.964 Thread 0x00000000149d3000 2850       4       java.awt.Component::isMixingNeeded (269 bytes)
Event: 775.987 Thread 0x00000000149d3000 nmethod 2850 0x0000000002b72010 code [0x0000000002b72200, 0x0000000002b72958]
Event: 778.988 Thread 0x000000001498d800 2851       4       java.awt.Component::getGraphics (124 bytes)
Event: 779.030 Thread 0x000000001498d800 nmethod 2851 0x0000000002b76710 code [0x0000000002b76940, 0x0000000002b77660]
Event: 787.056 Thread 0x00000000149d3000 2852   !   4       sun.awt.PostEventQueue::flush (168 bytes)

GC Heap History (10 events):
Event: 2.472 GC heap before
{Heap before GC invocations=1 (full 0):
 PSYoungGen      total 18944K, used 16384K [0x00000000eb180000, 0x00000000ec680000, 0x0000000100000000)
  eden space 16384K, 100% used [0x00000000eb180000,0x00000000ec180000,0x00000000ec180000)
  from space 2560K, 0% used [0x00000000ec400000,0x00000000ec400000,0x00000000ec680000)
  to   space 2560K, 0% used [0x00000000ec180000,0x00000000ec180000,0x00000000ec400000)
 ParOldGen       total 44032K, used 0K [0x00000000c1400000, 0x00000000c3f00000, 0x00000000eb180000)
  object space 44032K, 0% used [0x00000000c1400000,0x00000000c1400000,0x00000000c3f00000)
 Metaspace       used 13314K, capacity 13520K, committed 13824K, reserved 1060864K
  class space    used 1571K, capacity 1672K, committed 1792K, reserved 1048576K
Event: 2.486 GC heap after
Heap after GC invocations=1 (full 0):
 PSYoungGen      total 18944K, used 2544K [0x00000000eb180000, 0x00000000ec680000, 0x0000000100000000)
  eden space 16384K, 0% used [0x00000000eb180000,0x00000000eb180000,0x00000000ec180000)
  from space 2560K, 99% used [0x00000000ec180000,0x00000000ec3fc130,0x00000000ec400000)
  to   space 2560K, 0% used [0x00000000ec400000,0x00000000ec400000,0x00000000ec680000)
 ParOldGen       total 44032K, used 1983K [0x00000000c1400000, 0x00000000c3f00000, 0x00000000eb180000)
  object space 44032K, 4% used [0x00000000c1400000,0x00000000c15efe08,0x00000000c3f00000)
 Metaspace       used 13314K, capacity 13520K, committed 13824K, reserved 1060864K
  class space    used 1571K, capacity 1672K, committed 1792K, reserved 1048576K
}
Event: 3.538 GC heap before
{Heap before GC invocations=2 (full 0):
 PSYoungGen      total 18944K, used 18928K [0x00000000eb180000, 0x00000000ec680000, 0x0000000100000000)
  eden space 16384K, 100% used [0x00000000eb180000,0x00000000ec180000,0x00000000ec180000)
  from space 2560K, 99% used [0x00000000ec180000,0x00000000ec3fc130,0x00000000ec400000)
  to   space 2560K, 0% used [0x00000000ec400000,0x00000000ec400000,0x00000000ec680000)
 ParOldGen       total 44032K, used 1983K [0x00000000c1400000, 0x00000000c3f00000, 0x00000000eb180000)
  object space 44032K, 4% used [0x00000000c1400000,0x00000000c15efe08,0x00000000c3f00000)
 Metaspace       used 16059K, capacity 16246K, committed 16512K, reserved 1064960K
  class space    used 1766K, capacity 1833K, committed 1920K, reserved 1048576K
Event: 3.559 GC heap after
Heap after GC invocations=2 (full 0):
 PSYoungGen      total 18944K, used 2560K [0x00000000eb180000, 0x00000000ed680000, 0x0000000100000000)
  eden space 16384K, 0% used [0x00000000eb180000,0x00000000eb180000,0x00000000ec180000)
  from space 2560K, 100% used [0x00000000ec400000,0x00000000ec680000,0x00000000ec680000)
  to   space 2560K, 0% used [0x00000000ec180000,0x00000000ec180000,0x00000000ec400000)
 ParOldGen       total 44032K, used 5856K [0x00000000c1400000, 0x00000000c3f00000, 0x00000000eb180000)
  object space 44032K, 13% used [0x00000000c1400000,0x00000000c19b81d8,0x00000000c3f00000)
 Metaspace       used 16059K, capacity 16246K, committed 16512K, reserved 1064960K
  class space    used 1766K, capacity 1833K, committed 1920K, reserved 1048576K
}
Event: 5.154 GC heap before
{Heap before GC invocations=3 (full 0):
 PSYoungGen      total 18944K, used 17083K [0x00000000eb180000, 0x00000000ed680000, 0x0000000100000000)
  eden space 16384K, 88% used [0x00000000eb180000,0x00000000ebfaec88,0x00000000ec180000)
  from space 2560K, 100% used [0x00000000ec400000,0x00000000ec680000,0x00000000ec680000)
  to   space 2560K, 0% used [0x00000000ec180000,0x00000000ec180000,0x00000000ec400000)
 ParOldGen       total 44032K, used 5856K [0x00000000c1400000, 0x00000000c3f00000, 0x00000000eb180000)
  object space 44032K, 13% used [0x00000000c1400000,0x00000000c19b81d8,0x00000000c3f00000)
 Metaspace       used 20630K, capacity 20918K, committed 21248K, reserved 1069056K
  class space    used 2445K, capacity 2527K, committed 2560K, reserved 1048576K
Event: 5.185 GC heap after
Heap after GC invocations=3 (full 0):
 PSYoungGen      total 18944K, used 2560K [0x00000000eb180000, 0x00000000ed680000, 0x0000000100000000)
  eden space 16384K, 0% used [0x00000000eb180000,0x00000000eb180000,0x00000000ec180000)
  from space 2560K, 100% used [0x00000000ec180000,0x00000000ec400000,0x00000000ec400000)
  to   space 2560K, 0% used [0x00000000ed400000,0x00000000ed400000,0x00000000ed680000)
 ParOldGen       total 44032K, used 8066K [0x00000000c1400000, 0x00000000c3f00000, 0x00000000eb180000)
  object space 44032K, 18% used [0x00000000c1400000,0x00000000c1be08b0,0x00000000c3f00000)
 Metaspace       used 20630K, capacity 20918K, committed 21248K, reserved 1069056K
  class space    used 2445K, capacity 2527K, committed 2560K, reserved 1048576K
}
Event: 5.306 GC heap before
{Heap before GC invocations=4 (full 0):
 PSYoungGen      total 18944K, used 6610K [0x00000000eb180000, 0x00000000ed680000, 0x0000000100000000)
  eden space 16384K, 24% used [0x00000000eb180000,0x00000000eb574a28,0x00000000ec180000)
  from space 2560K, 100% used [0x00000000ec180000,0x00000000ec400000,0x00000000ec400000)
  to   space 2560K, 0% used [0x00000000ed400000,0x00000000ed400000,0x00000000ed680000)
 ParOldGen       total 44032K, used 8066K [0x00000000c1400000, 0x00000000c3f00000, 0x00000000eb180000)
  object space 44032K, 18% used [0x00000000c1400000,0x00000000c1be08b0,0x00000000c3f00000)
 Metaspace       used 20838K, capacity 21082K, committed 21248K, reserved 1069056K
  class space    used 2468K, capacity 2559K, committed 2560K, reserved 1048576K
Event: 5.327 GC heap after
Heap after GC invocations=4 (full 0):
 PSYoungGen      total 35328K, used 2560K [0x00000000eb180000, 0x00000000ed680000, 0x0000000100000000)
  eden space 32768K, 0% used [0x00000000eb180000,0x00000000eb180000,0x00000000ed180000)
  from space 2560K, 100% used [0x00000000ed400000,0x00000000ed680000,0x00000000ed680000)
  to   space 2560K, 0% used [0x00000000ed180000,0x00000000ed180000,0x00000000ed400000)
 ParOldGen       total 44032K, used 19425K [0x00000000c1400000, 0x00000000c3f00000, 0x00000000eb180000)
  object space 44032K, 44% used [0x00000000c1400000,0x00000000c26f86f8,0x00000000c3f00000)
 Metaspace       used 20838K, capacity 21082K, committed 21248K, reserved 1069056K
  class space    used 2468K, capacity 2559K, committed 2560K, reserved 1048576K
}
Event: 5.327 GC heap before
{Heap before GC invocations=5 (full 1):
 PSYoungGen      total 35328K, used 2560K [0x00000000eb180000, 0x00000000ed680000, 0x0000000100000000)
  eden space 32768K, 0% used [0x00000000eb180000,0x00000000eb180000,0x00000000ed180000)
  from space 2560K, 100% used [0x00000000ed400000,0x00000000ed680000,0x00000000ed680000)
  to   space 2560K, 0% used [0x00000000ed180000,0x00000000ed180000,0x00000000ed400000)
 ParOldGen       total 44032K, used 19425K [0x00000000c1400000, 0x00000000c3f00000, 0x00000000eb180000)
  object space 44032K, 44% used [0x00000000c1400000,0x00000000c26f86f8,0x00000000c3f00000)
 Metaspace       used 20838K, capacity 21082K, committed 21248K, reserved 1069056K
  class space    used 2468K, capacity 2559K, committed 2560K, reserved 1048576K
Event: 5.467 GC heap after
Heap after GC invocations=5 (full 1):
 PSYoungGen      total 35328K, used 0K [0x00000000eb180000, 0x00000000ed680000, 0x0000000100000000)
  eden space 32768K, 0% used [0x00000000eb180000,0x00000000eb180000,0x00000000ed180000)
  from space 2560K, 0% used [0x00000000ed400000,0x00000000ed400000,0x00000000ed680000)
  to   space 2560K, 0% used [0x00000000ed180000,0x00000000ed180000,0x00000000ed400000)
 ParOldGen       total 45568K, used 12176K [0x00000000c1400000, 0x00000000c4080000, 0x00000000eb180000)
  object space 45568K, 26% used [0x00000000c1400000,0x00000000c1fe4078,0x00000000c4080000)
 Metaspace       used 20838K, capacity 21082K, committed 21248K, reserved 1069056K
  class space    used 2468K, capacity 2559K, committed 2560K, reserved 1048576K
}

Deoptimization events (10 events):
Event: 19.877 Thread 0x0000000018405800 Uncommon trap: reason=unstable_if action=reinterpret pc=0x00000000026844d8 method=org.hsqldb.types.Collation.compare(Ljava/lang/String;Ljava/lang/String;)I @ 71
Event: 19.893 Thread 0x0000000018405800 Uncommon trap: reason=class_check action=maybe_recompile pc=0x00000000028c1814 method=java.util.HashSet.contains(Ljava/lang/Object;)Z @ 5
Event: 19.893 Thread 0x0000000018405800 Uncommon trap: reason=class_check action=maybe_recompile pc=0x00000000028c1814 method=java.util.HashSet.contains(Ljava/lang/Object;)Z @ 5
Event: 19.893 Thread 0x0000000018405800 Uncommon trap: reason=class_check action=maybe_recompile pc=0x00000000028c1814 method=java.util.HashSet.contains(Ljava/lang/Object;)Z @ 5
Event: 19.893 Thread 0x0000000018405800 Uncommon trap: reason=class_check action=maybe_recompile pc=0x00000000028c1814 method=java.util.HashSet.contains(Ljava/lang/Object;)Z @ 5
Event: 19.931 Thread 0x0000000018405800 Uncommon trap: reason=unstable_if action=reinterpret pc=0x0000000002520870 method=java.util.regex.Pattern.group0()Ljava/util/regex/Pattern$Node; @ 684
Event: 19.931 Thread 0x0000000018405800 Uncommon trap: reason=unstable_if action=reinterpret pc=0x000000000297933c method=java.util.regex.Pattern.escape(ZZZ)I @ 753
Event: 19.932 Thread 0x0000000018405800 Uncommon trap: reason=unstable_if action=reinterpret pc=0x00000000028d2d8c method=java.util.regex.Pattern$GroupTail.match(Ljava/util/regex/Matcher;ILjava/lang/CharSequence;)Z @ 73
Event: 19.968 Thread 0x0000000018405800 Uncommon trap: reason=unstable_if action=reinterpret pc=0x00000000026f0d3c method=java.lang.CharacterDataLatin1.isWhitespace(I)Z @ 14
Event: 24.724 Thread 0x0000000018405800 Uncommon trap: reason=unstable_if action=reinterpret pc=0x000000000251e8dc method=sun.font.CMap.getControlCodeGlyph(IZ)I @ 3

Internal exceptions (10 events):
Event: 0.125 Thread 0x000000000227d800 Exception <a 'java/lang/NoSuchMethodError': Method sun.misc.Unsafe.prefetchRead(Ljava/lang/Object;J)V name or signature does not match> (0x00000000eb187f90) thrown at [C:\re\workspace\8-2-build-windows-amd64-cygwin\jdk8u141\9370\hotspot\src\share\vm\prims
Event: 0.707 Thread 0x000000000227d800 Exception <a 'java/security/PrivilegedActionException'> (0x00000000eb28b920) thrown at [C:\re\workspace\8-2-build-windows-amd64-cygwin\jdk8u141\9370\hotspot\src\share\vm\prims\jvm.cpp, line 1390]
Event: 0.707 Thread 0x000000000227d800 Exception <a 'java/security/PrivilegedActionException'> (0x00000000eb28bb30) thrown at [C:\re\workspace\8-2-build-windows-amd64-cygwin\jdk8u141\9370\hotspot\src\share\vm\prims\jvm.cpp, line 1390]
Event: 0.709 Thread 0x000000000227d800 Exception <a 'java/security/PrivilegedActionException'> (0x00000000eb28f7a0) thrown at [C:\re\workspace\8-2-build-windows-amd64-cygwin\jdk8u141\9370\hotspot\src\share\vm\prims\jvm.cpp, line 1390]
Event: 0.709 Thread 0x000000000227d800 Exception <a 'java/security/PrivilegedActionException'> (0x00000000eb28f9b0) thrown at [C:\re\workspace\8-2-build-windows-amd64-cygwin\jdk8u141\9370\hotspot\src\share\vm\prims\jvm.cpp, line 1390]
Event: 0.722 Thread 0x000000000227d800 Exception <a 'java/io/FileNotFoundException'> (0x00000000eb291d68) thrown at [C:\re\workspace\8-2-build-windows-amd64-cygwin\jdk8u141\9370\hotspot\src\share\vm\prims\jni.cpp, line 709]
Event: 0.854 Thread 0x000000000227d800 Exception <a 'java/lang/NoSuchFieldError': method resolution failed> (0x00000000eb35f2e0) thrown at [C:\re\workspace\8-2-build-windows-amd64-cygwin\jdk8u141\9370\hotspot\src\share\vm\prims\methodHandles.cpp, line 1146]
Event: 0.861 Thread 0x000000000227d800 Exception <a 'java/lang/NoSuchFieldError': method resolution failed> (0x00000000eb36c780) thrown at [C:\re\workspace\8-2-build-windows-amd64-cygwin\jdk8u141\9370\hotspot\src\share\vm\prims\methodHandles.cpp, line 1146]
Event: 1.041 Thread 0x000000000227d800 Exception <a 'java/io/FileNotFoundException'> (0x00000000eb4a15b0) thrown at [C:\re\workspace\8-2-build-windows-amd64-cygwin\jdk8u141\9370\hotspot\src\share\vm\prims\jni.cpp, line 709]
Event: 1.881 Thread 0x000000000227d800 Exception <a 'java/lang/NoClassDefFoundError': org/apache/log4j/Category> (0x00000000eb95daf0) thrown at [C:\re\workspace\8-2-build-windows-amd64-cygwin\jdk8u141\9370\hotspot\src\share\vm\classfile\systemDictionary.cpp, line 199]

Events (10 events):
Event: 354.306 Thread 0x0000000018405800 DEOPT PACKING pc=0x00000000026677ba sp=0x000000001a34dd10
Event: 354.306 Thread 0x0000000018405800 DEOPT UNPACKING pc=0x00000000023c787f sp=0x000000001a34da28 mode 0
Event: 378.453 Thread 0x00000000149d3000 flushing nmethod 0x00000000027d0ed0
Event: 410.554 Thread 0x000000001498d800 flushing nmethod 0x000000000286ed10
Event: 433.654 Thread 0x00000000149e7800 flushing nmethod 0x0000000002998d10
Event: 433.654 Thread 0x00000000149e7800 flushing nmethod 0x00000000029b5210
Event: 433.655 Thread 0x00000000149e7800 flushing nmethod 0x00000000029c6d10
Event: 433.655 Thread 0x00000000149e7800 flushing nmethod 0x00000000029d3c50
Event: 433.655 Thread 0x00000000149e7800 flushing nmethod 0x00000000029d8f90
Event: 433.656 Thread 0x00000000149e7800 flushing nmethod 0x0000000002a28050


Dynamic libraries:
0x00007ff7e6650000 - 0x00007ff7e6687000 	C:\Program Files\Java\jre1.8.0_141\bin\javaw.exe
0x00007ff853fc0000 - 0x00007ff854181000 	C:\WINDOWS\SYSTEM32\ntdll.dll
0x00007ff853a00000 - 0x00007ff853aad000 	C:\WINDOWS\system32\KERNEL32.DLL
0x00007ff850870000 - 0x00007ff850a58000 	C:\WINDOWS\system32\KERNELBASE.dll
0x00007ff851d60000 - 0x00007ff851e07000 	C:\WINDOWS\system32\ADVAPI32.dll
0x00007ff853850000 - 0x00007ff8538ed000 	C:\WINDOWS\system32\msvcrt.dll
0x00007ff851a00000 - 0x00007ff851a5b000 	C:\WINDOWS\system32\sechost.dll
0x00007ff851420000 - 0x00007ff85153d000 	C:\WINDOWS\system32\RPCRT4.dll
0x00007ff851830000 - 0x00007ff851986000 	C:\WINDOWS\system32\USER32.dll
0x00007ff851f30000 - 0x00007ff8520b7000 	C:\WINDOWS\system32\GDI32.dll
0x00007ff841e20000 - 0x00007ff842094000 	C:\WINDOWS\WinSxS\amd64_microsoft.windows.common-controls_6595b64144ccf1df_6.0.10586.839_none_a2ddba30a539a2ae\COMCTL32.dll
0x00007ff8515a0000 - 0x00007ff85181e000 	C:\WINDOWS\system32\combase.dll
0x00007ff8510b0000 - 0x00007ff85111a000 	C:\WINDOWS\system32\bcryptPrimitives.dll
0x00007ff851540000 - 0x00007ff85157b000 	C:\WINDOWS\system32\IMM32.DLL
0x00000000563d0000 - 0x00000000564a2000 	C:\Program Files\Java\jre1.8.0_141\bin\msvcr100.dll
0x00000000566b0000 - 0x0000000056f4d000 	C:\Program Files\Java\jre1.8.0_141\bin\server\jvm.dll
0x00007ff8519f0000 - 0x00007ff8519f8000 	C:\WINDOWS\system32\PSAPI.DLL
0x00007ff84d980000 - 0x00007ff84d989000 	C:\WINDOWS\SYSTEM32\WSOCK32.dll
0x00007ff852280000 - 0x00007ff8522eb000 	C:\WINDOWS\system32\WS2_32.dll
0x00007ff84dc70000 - 0x00007ff84dc93000 	C:\WINDOWS\SYSTEM32\WINMM.dll
0x00007ff846a20000 - 0x00007ff846a2a000 	C:\WINDOWS\SYSTEM32\VERSION.dll
0x00007ff84dbb0000 - 0x00007ff84dbdc000 	C:\WINDOWS\SYSTEM32\WINMMBASE.dll
0x00007ff851120000 - 0x00007ff851163000 	C:\WINDOWS\system32\cfgmgr32.dll
0x00000000565c0000 - 0x00000000565cf000 	C:\Program Files\Java\jre1.8.0_141\bin\verify.dll
0x0000000056590000 - 0x00000000565b9000 	C:\Program Files\Java\jre1.8.0_141\bin\java.dll
0x0000000056570000 - 0x0000000056586000 	C:\Program Files\Java\jre1.8.0_141\bin\zip.dll
0x00007ff8522f0000 - 0x00007ff85384c000 	C:\WINDOWS\system32\SHELL32.dll
0x00007ff850a60000 - 0x00007ff8510a5000 	C:\WINDOWS\system32\windows.storage.dll
0x00007ff851990000 - 0x00007ff8519e2000 	C:\WINDOWS\system32\shlwapi.dll
0x00007ff850610000 - 0x00007ff85061f000 	C:\WINDOWS\system32\kernel.appcore.dll
0x00007ff850670000 - 0x00007ff850725000 	C:\WINDOWS\system32\shcore.dll
0x00007ff850620000 - 0x00007ff85066b000 	C:\WINDOWS\system32\powrprof.dll
0x00007ff8505e0000 - 0x00007ff8505f4000 	C:\WINDOWS\system32\profapi.dll
0x0000000056230000 - 0x00000000563c8000 	C:\Program Files\Java\jre1.8.0_141\bin\awt.dll
0x00007ff853ab0000 - 0x00007ff853b76000 	C:\WINDOWS\system32\OLEAUT32.dll
0x00007ff84e400000 - 0x00007ff84e479000 	C:\WINDOWS\system32\apphelp.dll
0x00007ff84f020000 - 0x00007ff84f0b6000 	C:\WINDOWS\system32\uxtheme.dll
0x00007ff852120000 - 0x00007ff85227a000 	C:\WINDOWS\system32\MSCTF.dll
0x00007ff847ba0000 - 0x00007ff847c43000 	C:\Program Files\Common Files\microsoft shared\ink\tiptsf.dll
0x00007ff84eda0000 - 0x00007ff84edc2000 	C:\WINDOWS\system32\dwmapi.dll
0x00007ff851c10000 - 0x00007ff851d53000 	C:\WINDOWS\system32\ole32.dll
0x00000000561e0000 - 0x0000000056227000 	C:\Program Files\Java\jre1.8.0_141\bin\fontmanager.dll
0x00007ff8448b0000 - 0x00007ff8449d9000 	C:\WINDOWS\system32\opengl32.dll
0x00007ff845820000 - 0x00007ff84584e000 	C:\WINDOWS\SYSTEM32\GLU32.dll
0x00007ff844240000 - 0x00007ff84433a000 	C:\WINDOWS\SYSTEM32\DDRAW.dll
0x00007ff84b070000 - 0x00007ff84b078000 	C:\WINDOWS\SYSTEM32\DCIMAN32.dll
0x0000000056550000 - 0x000000005656a000 	C:\Program Files\Java\jre1.8.0_141\bin\net.dll
0x00007ff84feb0000 - 0x00007ff84ff0c000 	C:\WINDOWS\system32\mswsock.dll
0x0000000056530000 - 0x0000000056541000 	C:\Program Files\Java\jre1.8.0_141\bin\nio.dll
0x0000000055330000 - 0x0000000055372000 	C:\Program Files\Java\jre1.8.0_141\bin\t2k.dll
0x00007ff84ff60000 - 0x00007ff84ff77000 	C:\WINDOWS\SYSTEM32\CRYPTSP.dll
0x00007ff84fc50000 - 0x00007ff84fc84000 	C:\WINDOWS\system32\rsaenh.dll
0x00007ff850510000 - 0x00007ff850539000 	C:\WINDOWS\SYSTEM32\bcrypt.dll
0x00007ff84fd40000 - 0x00007ff84fd5f000 	C:\WINDOWS\SYSTEM32\USERENV.dll
0x00007ff850500000 - 0x00007ff85050b000 	C:\WINDOWS\SYSTEM32\CRYPTBASE.dll
0x00007ff84d4f0000 - 0x00007ff84d528000 	C:\WINDOWS\SYSTEM32\IPHLPAPI.DLL
0x00007ff853b80000 - 0x00007ff853b88000 	C:\WINDOWS\system32\NSI.dll
0x00007ff84d030000 - 0x00007ff84d046000 	C:\WINDOWS\SYSTEM32\dhcpcsvc6.DLL
0x00007ff84d010000 - 0x00007ff84d02a000 	C:\WINDOWS\SYSTEM32\dhcpcsvc.DLL
0x00007ff851e80000 - 0x00007ff851f27000 	C:\WINDOWS\system32\clbcatq.dll
0x00007ff84c8e0000 - 0x00007ff84ca91000 	C:\WINDOWS\SYSTEM32\WindowsCodecs.dll
0x00007ff844820000 - 0x00007ff84486a000 	C:\WINDOWS\system32\dataexchange.dll
0x00007ff84de90000 - 0x00007ff84df73000 	C:\WINDOWS\system32\dcomp.dll
0x00007ff84ba70000 - 0x00007ff84bd18000 	C:\WINDOWS\system32\d3d11.dll
0x00007ff84dce0000 - 0x00007ff84dd82000 	C:\WINDOWS\system32\dxgi.dll
0x00007ff84f1c0000 - 0x00007ff84f2c0000 	C:\WINDOWS\system32\twinapi.appcore.dll
0x00007ff84b210000 - 0x00007ff84b36c000 	C:\Windows\System32\uiautomationcore.dll
0x00007ff850400000 - 0x00007ff850499000 	C:\WINDOWS\SYSTEM32\sxs.dll
0x00007ff847f40000 - 0x00007ff847faa000 	C:\Windows\System32\OLEACC.dll
0x00007ff84a2d0000 - 0x00007ff84a381000 	C:\WINDOWS\SYSTEM32\twinapi.dll
0x00007ff83aa80000 - 0x00007ff83ab04000 	C:\WINDOWS\SYSTEM32\WINSPOOL.DRV
0x00007ff830e60000 - 0x00007ff830f43000 	C:\WINDOWS\System32\DriverStore\FileRepository\ntprint.inf_amd64_91cca1c47fadf424\Amd64\mxdwdrv.dll
0x00007ff847560000 - 0x00007ff847596000 	C:\WINDOWS\SYSTEM32\XmlLite.dll
0x00007ff82e240000 - 0x00007ff82e576000 	C:\WINDOWS\System32\DriverStore\FileRepository\prnms003.inf_amd64_94dc1bfc7615ce72\Amd64\PrintConfig.dll
0x00007ff83e5b0000 - 0x00007ff83e5db000 	C:\WINDOWS\SYSTEM32\prntvpt.dll
0x00007ff82a540000 - 0x00007ff82a73c000 	C:\WINDOWS\SYSTEM32\opcservices.dll
0x00007ff83fbb0000 - 0x00007ff83fd67000 	C:\WINDOWS\SYSTEM32\urlmon.dll
0x00007ff844340000 - 0x00007ff8446ca000 	C:\WINDOWS\SYSTEM32\iertutil.dll
0x00007ff82a250000 - 0x00007ff82a53d000 	C:\WINDOWS\SYSTEM32\xpsservices.dll
0x00007ff83c3f0000 - 0x00007ff83c411000 	C:\WINDOWS\system32\FontSub.dll
0x00007ff8475c0000 - 0x00007ff84783a000 	C:\Windows\System32\msxml6.dll
0x00007ff84dda0000 - 0x00007ff84ddac000 	C:\WINDOWS\SYSTEM32\DAVHLPR.DLL
0x00007ff83d0b0000 - 0x00007ff83d550000 	C:\WINDOWS\system32\explorerframe.dll
0x00007ff84d2f0000 - 0x00007ff84d340000 	C:\WINDOWS\system32\edputil.dll
0x00007ff848050000 - 0x00007ff848203000 	C:\WINDOWS\system32\DUI70.dll
0x00007ff84b370000 - 0x00007ff84b408000 	C:\WINDOWS\system32\DUser.dll
0x00007ff842cd0000 - 0x00007ff842e55000 	C:\Windows\System32\Windows.Globalization.dll
0x00007ff845a40000 - 0x00007ff845aa7000 	C:\Windows\System32\Bcp47Langs.dll
0x00007ff84c8a0000 - 0x00007ff84c8d0000 	C:\WINDOWS\SYSTEM32\globinputhost.dll
0x00007ff84e010000 - 0x00007ff84e020000 	C:\WINDOWS\SYSTEM32\atlthunk.dll
0x00007ff84d730000 - 0x00007ff84d8b6000 	C:\WINDOWS\SYSTEM32\PROPSYS.dll
0x00007ff84c3e0000 - 0x00007ff84c48c000 	C:\WINDOWS\System32\StructuredQuery.dll
0x00007ff83df80000 - 0x00007ff83e413000 	C:\Windows\System32\ActXPrxy.dll
0x00007ff831a30000 - 0x00007ff831afc000 	C:\WINDOWS\system32\Windows.Storage.Search.dll
0x00007ff84ec10000 - 0x00007ff84ec65000 	C:\WINDOWS\SYSTEM32\policymanager.dll
0x00007ff84eb70000 - 0x00007ff84ec02000 	C:\WINDOWS\SYSTEM32\msvcp110_win.dll
0x00007ff83f850000 - 0x00007ff83f86b000 	C:\WINDOWS\SYSTEM32\MPR.dll
0x00007ff84c100000 - 0x00007ff84c10b000 	C:\WINDOWS\System32\drprov.dll
0x00007ff8504a0000 - 0x00007ff8504f6000 	C:\WINDOWS\System32\WINSTA.dll
0x00007ff84c0e0000 - 0x00007ff84c0f6000 	C:\WINDOWS\System32\ntlanman.dll
0x00007ff83d730000 - 0x00007ff83d750000 	C:\WINDOWS\System32\davclnt.dll
0x00007ff84c110000 - 0x00007ff84c126000 	C:\WINDOWS\System32\wkscli.dll
0x00007ff83fe00000 - 0x00007ff83fe12000 	C:\WINDOWS\SYSTEM32\cscapi.dll
0x00007ff84faf0000 - 0x00007ff84fafc000 	C:\WINDOWS\System32\netutils.dll
0x00007ff83bb00000 - 0x00007ff83bb7f000 	C:\Windows\System32\dlnashext.dll
0x00007ff831790000 - 0x00007ff831804000 	C:\Windows\System32\PlayToDevice.dll
0x00007ff824730000 - 0x00007ff82474f000 	C:\Windows\System32\DevDispItemProvider.dll
0x00007ff843010000 - 0x00007ff8430eb000 	C:\WINDOWS\SYSTEM32\ntshrui.dll
0x00007ff850250000 - 0x00007ff85027d000 	C:\WINDOWS\SYSTEM32\SspiCli.dll
0x00007ff83dd00000 - 0x00007ff83dd26000 	C:\WINDOWS\SYSTEM32\srvcli.dll
0x00007ff84cf90000 - 0x00007ff84d000000 	C:\WINDOWS\System32\MMDevApi.dll
0x00007ff84f170000 - 0x00007ff84f197000 	C:\WINDOWS\System32\DEVOBJ.dll
0x00007ff84e770000 - 0x00007ff84e811000 	C:\Windows\System32\PortableDeviceApi.dll
0x00007ff853b90000 - 0x00007ff853fb9000 	C:\WINDOWS\system32\SETUPAPI.dll
0x00007ff851190000 - 0x00007ff8511e5000 	C:\WINDOWS\system32\WINTRUST.dll
0x00007ff850600000 - 0x00007ff850610000 	C:\WINDOWS\system32\MSASN1.dll
0x00007ff8511f0000 - 0x00007ff8513b8000 	C:\WINDOWS\system32\CRYPT32.dll
0x00007ff842c60000 - 0x00007ff842c97000 	C:\Windows\System32\EhStorShell.dll
0x00007ff838900000 - 0x00007ff838926000 	C:\Windows\System32\EhStorAPI.dll
0x00007ff84e520000 - 0x00007ff84e533000 	C:\Windows\System32\WTSAPI32.dll
0x00007ff851e10000 - 0x00007ff851e7f000 	C:\WINDOWS\system32\coml2.dll
0x00007ff84bfd0000 - 0x00007ff84bfdd000 	C:\WINDOWS\SYSTEM32\LINKINFO.dll
0x00007ff8479f0000 - 0x00007ff8479f9000 	C:\Program Files (x86)\Internet Download Manager\IDMShellExt64.dll
0x00007ff83f180000 - 0x00007ff83f2e0000 	C:\Users\Qasim\AppData\Local\Microsoft\OneDrive\18.172.0826.0010\amd64\FileSyncShell64.dll
0x00007ff840f90000 - 0x00007ff840f9b000 	C:\WINDOWS\SYSTEM32\ktmw32.dll
0x00007ff83d780000 - 0x00007ff83dac6000 	C:\WINDOWS\SYSTEM32\WININET.dll
0x00007ff835010000 - 0x00007ff835682000 	C:\PROGRA~1\MICROS~1\Office14\GROOVEEX.DLL
0x0000000057e60000 - 0x0000000057f03000 	C:\WINDOWS\WinSxS\amd64_microsoft.vc90.crt_1fc8b3b9a1e18e3b_9.0.30729.9177_none_08e695a3a83b6ce3\MSVCR90.dll

VM Arguments:
jvm_args: -Dfile.encoding=UTF-8 
java_command: MMC.Main
java_class_path (initial): C:\Program Files\Java\jre1.8.0_141\lib\resources.jar;C:\Program Files\Java\jre1.8.0_141\lib\rt.jar;C:\Program Files\Java\jre1.8.0_141\lib\jsse.jar;C:\Program Files\Java\jre1.8.0_141\lib\jce.jar;C:\Program Files\Java\jre1.8.0_141\lib\charsets.jar;C:\Program Files\Java\jre1.8.0_141\lib\jfr.jar;C:\Program Files\Java\jre1.8.0_141\lib\ext\access-bridge-64.jar;C:\Program Files\Java\jre1.8.0_141\lib\ext\cldrdata.jar;C:\Program Files\Java\jre1.8.0_141\lib\ext\dnsns.jar;C:\Program Files\Java\jre1.8.0_141\lib\ext\jaccess.jar;C:\Program Files\Java\jre1.8.0_141\lib\ext\jfxrt.jar;C:\Program Files\Java\jre1.8.0_141\lib\ext\localedata.jar;C:\Program Files\Java\jre1.8.0_141\lib\ext\nashorn.jar;C:\Program Files\Java\jre1.8.0_141\lib\ext\sunec.jar;C:\Program Files\Java\jre1.8.0_141\lib\ext\sunjce_provider.jar;C:\Program Files\Java\jre1.8.0_141\lib\ext\sunmscapi.jar;C:\Program Files\Java\jre1.8.0_141\lib\ext\sunpkcs11.jar;C:\Program Files\Java\jre1.8.0_141\lib\ext\zipfs.jar;D:\study\java\Recordings\MustaqMedicalComple\bin;D:\downloads\UCanAccess-4.0.4-bin\lib\commons-lang-2.6.jar;D:\downloads\UCanAccess-4.0.4-bin\lib\commons-logging-1.1.3.jar;D:\downloads\UCanAccess-4.0.4-bin\lib\hsqldb.jar;D:\downloads\UCanAccess-4.0.4-bin\lib\jackcess-2.1.11.jar;D:\downloads\UCanAccess-4.0.4-bin\lib\ucanaccess-4.0.4.jar;D:\downloads\UCanAccess-4.0.4-bin\lib\ucanload.jar;D:\downloads\swingx-all-1.6.4.jar
Launcher Type: SUN_STANDARD

Environment Variables:
PATH=C:/Program Files/Java/jre1.8.0_141/bin/server;C:/Program Files/Java/jre1.8.0_141/bin;C:/Program Files/Java/jre1.8.0_141/lib/amd64;C:\ProgramData\Oracle\Java\javapath;C:\Program Files (x86)\Intel\iCLS Client\;C:\Program Files\Intel\iCLS Client\;C:\WINDOWS\system32;C:\WINDOWS;C:\WINDOWS\System32\Wbem;C:\WINDOWS\System32\WindowsPowerShell\v1.0\;C:\Program Files (x86)\Intel\Intel(R) Management Engine Components\DAL;C:\Program Files\Intel\Intel(R) Management Engine Components\DAL;C:\Program Files (x86)\Intel\Intel(R) Management Engine Components\IPT;C:\Program Files\Intel\Intel(R) Management Engine Components\IPT;D:\Software\install\node\;D:\Software\install\php;C:\Users\Qasim\AppData\Roaming\npm;D:\Software\install\mongoDB\bin;D:\Software\install\eclipse\eclipse;
USERNAME=Qasim
OS=Windows_NT
PROCESSOR_IDENTIFIER=Intel64 Family 6 Model 61 Stepping 4, GenuineIntel



---------------  S Y S T E M  ---------------

OS: Windows 10.0 , 64 bit Build 10586 (10.0.10586.589)

CPU:total 4 (initial active 4) (2 cores per cpu, 2 threads per core) family 6 model 61 stepping 4, cmov, cx8, fxsr, mmx, sse, sse2, sse3, ssse3, sse4.1, sse4.2, popcnt, avx, avx2, aes, clmul, erms, 3dnowpref, lzcnt, ht, tsc, tscinvbit, bmi1, bmi2, adx

Memory: 4k page, physical 4107804k(598972k free), swap 7873048k(2884k free)

vm_info: Java HotSpot(TM) 64-Bit Server VM (25.141-b15) for windows-amd64 JRE (1.8.0_141-b15), built on Jul 12 2017 04:25:12 by "java_re" with MS VC++ 10.0 (VS2010)

time: Sat Oct 27 01:03:38 2018
elapsed time: 787 seconds (0d 0h 13m 7s)

